# JRE version: OpenJDK Runtime Environment (11.0.2+9) (build 11.0.2+9)
# Java VM: OpenJDK 64-Bit Server VM (11.0.2+9, mixed mode, tiered, compressed oops, g1 gc, windows-amd64)
Heap:
 garbage-first heap   total 290816K, used 125621K [0x0000000740000000, 0x0000000800000000)
  region size 1024K, 39 young (39936K), 0 survivors (0K)
 Metaspace       used 95385K, capacity 97884K, committed 98204K, reserved 1132544K
  class space    used 13086K, capacity 14250K, committed 14336K, reserved 1048576K
GC Heap History (10 events):
Event: 709.797 GC heap before
{Heap before GC invocations=500 (full 298):
 garbage-first heap   total 290816K, used 150703K [0x0000000740000000, 0x0000000800000000)
  region size 1024K, 60 young (61440K), 1 survivors (1024K)
 Metaspace       used 95266K, capacity 97815K, committed 97948K, reserved 1132544K
  class space    used 13085K, capacity 14250K, committed 14336K, reserved 1048576K
}
Event: 709.799 GC heap after
{Heap after GC invocations=501 (full 298):
 garbage-first heap   total 290816K, used 90452K [0x0000000740000000, 0x0000000800000000)
  region size 1024K, 1 young (1024K), 1 survivors (1024K)
 Metaspace       used 95266K, capacity 97815K, committed 97948K, reserved 1132544K
  class space    used 13085K, capacity 14250K, committed 14336K, reserved 1048576K
}
Event: 714.711 GC heap before
{Heap before GC invocations=501 (full 298):
 garbage-first heap   total 290816K, used 150868K [0x0000000740000000, 0x0000000800000000)
  region size 1024K, 60 young (61440K), 1 survivors (1024K)
 Metaspace       used 95272K, capacity 97815K, committed 97948K, reserved 1132544K
  class space    used 13085K, capacity 14250K, committed 14336K, reserved 1048576K
}
Event: 714.713 GC heap after
{Heap after GC invocations=502 (full 298):
 garbage-first heap   total 290816K, used 90663K [0x0000000740000000, 0x0000000800000000)
  region size 1024K, 1 young (1024K), 1 survivors (1024K)
 Metaspace       used 95272K, capacity 97815K, committed 97948K, reserved 1132544K
  class space    used 13085K, capacity 14250K, committed 14336K, reserved 1048576K
}
Event: 718.869 GC heap before
{Heap before GC invocations=502 (full 298):
 garbage-first heap   total 290816K, used 151079K [0x0000000740000000, 0x0000000800000000)
  region size 1024K, 60 young (61440K), 1 survivors (1024K)
 Metaspace       used 95285K, capacity 97879K, committed 98204K, reserved 1132544K
  class space    used 13085K, capacity 14250K, committed 14336K, reserved 1048576K
}
Event: 718.871 GC heap after
{Heap after GC invocations=503 (full 298):
 garbage-first heap   total 290816K, used 90574K [0x0000000740000000, 0x0000000800000000)
  region size 1024K, 1 young (1024K), 1 survivors (1024K)
 Metaspace       used 95285K, capacity 97879K, committed 98204K, reserved 1132544K
  class space    used 13085K, capacity 14250K, committed 14336K, reserved 1048576K
}
Event: 720.007 GC heap before
{Heap before GC invocations=503 (full 298):
 garbage-first heap   total 290816K, used 150990K [0x0000000740000000, 0x0000000800000000)
  region size 1024K, 60 young (61440K), 1 survivors (1024K)
 Metaspace       used 95287K, capacity 97879K, committed 98204K, reserved 1132544K
  class space    used 13085K, capacity 14250K, committed 14336K, reserved 1048576K
}
Event: 720.008 GC heap after
{Heap after GC invocations=504 (full 298):
 garbage-first heap   total 290816K, used 90599K [0x0000000740000000, 0x0000000800000000)
  region size 1024K, 1 young (1024K), 1 survivors (1024K)
 Metaspace       used 95287K, capacity 97879K, committed 98204K, reserved 1132544K
  class space    used 13085K, capacity 14250K, committed 14336K, reserved 1048576K
}
Event: 721.547 GC heap before
{Heap before GC invocations=504 (full 298):
 garbage-first heap   total 290816K, used 114151K [0x0000000740000000, 0x0000000800000000)
  region size 1024K, 25 young (25600K), 1 survivors (1024K)
 Metaspace       used 95349K, capacity 97879K, committed 98204K, reserved 1132544K
  class space    used 13085K, capacity 14250K, committed 14336K, reserved 1048576K
}
Event: 721.610 GC heap after
{Heap after GC invocations=505 (full 299):
 garbage-first heap   total 290816K, used 86709K [0x0000000740000000, 0x0000000800000000)
  region size 1024K, 0 young (0K), 0 survivors (0K)
 Metaspace       used 95349K, capacity 97879K, committed 98204K, reserved 1132544K
  class space    used 13085K, capacity 14250K, committed 14336K, reserved 1048576K
}

